-------------------------------------------------------------------------------
Test set: com.cho.sh.MyBatisTest
-------------------------------------------------------------------------------
Tests run: 2, Failures: 0, Errors: 2, Skipped: 0, Time elapsed: 1.693 sec <<< FAILURE! - in com.cho.sh.MyBatisTest
testFactory(com.cho.sh.MyBatisTest)  Time elapsed: 1.305 sec  <<< ERROR!
java.lang.IllegalStateException: Failed to load ApplicationContext
Caused by: org.springframework.beans.factory.BeanInitializationException: Could not load properties; nested exception is java.io.FileNotFoundException: class path resource [WEB-INF/config/jdbc/db.properties] cannot be opened because it does not exist
Caused by: java.io.FileNotFoundException: class path resource [WEB-INF/config/jdbc/db.properties] cannot be opened because it does not exist

testSession(com.cho.sh.MyBatisTest)  Time elapsed: 0.34 sec  <<< ERROR!
java.lang.IllegalStateException: Failed to load ApplicationContext
Caused by: org.springframework.beans.factory.BeanInitializationException: Could not load properties; nested exception is java.io.FileNotFoundException: class path resource [WEB-INF/config/jdbc/db.properties] cannot be opened because it does not exist
Caused by: java.io.FileNotFoundException: class path resource [WEB-INF/config/jdbc/db.properties] cannot be opened because it does not exist

