-------------------------------------------------------------------------------
Test set: com.cho.sh.MySQLConnectionTest
-------------------------------------------------------------------------------
Tests run: 1, Failures: 0, Errors: 1, Skipped: 0, Time elapsed: 0.3 sec <<< FAILURE! - in com.cho.sh.MySQLConnectionTest
testConnection(com.cho.sh.MySQLConnectionTest)  Time elapsed: 0.299 sec  <<< ERROR!
java.lang.IllegalStateException: Failed to load ApplicationContext
Caused by: org.springframework.beans.factory.BeanInitializationException: Could not load properties; nested exception is java.io.FileNotFoundException: class path resource [WEB-INF/config/jdbc/db.properties] cannot be opened because it does not exist
Caused by: java.io.FileNotFoundException: class path resource [WEB-INF/config/jdbc/db.properties] cannot be opened because it does not exist

